[debug] [2025-02-20T07:00:03.196Z] ----------------------------------------------------------------------
[debug] [2025-02-20T07:00:03.209Z] Command:       C:\Program Files\nodejs\node.exe C:\Users\danda\AppData\Roaming\npm\node_modules\firebase-tools\lib\bin\firebase.js init hosting
[debug] [2025-02-20T07:00:03.209Z] CLI Version:   13.31.1
[debug] [2025-02-20T07:00:03.210Z] Platform:      win32
[debug] [2025-02-20T07:00:03.210Z] Node Version:  v22.13.1
[debug] [2025-02-20T07:00:03.211Z] Time:          Thu Feb 20 2025 12:30:03 GMT+0530 (India Standard Time)
[debug] [2025-02-20T07:00:03.211Z] ----------------------------------------------------------------------
[debug] 
[debug] [2025-02-20T07:00:03.571Z] > command requires scopes: ["email","openid","https://www.googleapis.com/auth/cloudplatformprojects.readonly","https://www.googleapis.com/auth/firebase","https://www.googleapis.com/auth/cloud-platform"]
[debug] [2025-02-20T07:00:03.572Z] > authorizing via signed-in user (dandavateomkar@gmail.com)
[info] 
     ######## #### ########  ######## ########     ###     ######  ########
     ##        ##  ##     ## ##       ##     ##  ##   ##  ##       ##
     ######    ##  ########  ######   ########  #########  ######  ######
     ##        ##  ##    ##  ##       ##     ## ##     ##       ## ##
     ##       #### ##     ## ######## ########  ##     ##  ######  ########

You're about to initialize a Firebase project in this directory:

  E:\Email App\my-angular-app

Before we get started, keep in mind:

  * You are initializing within an existing Firebase project directory

